This is pdfTeX, Version 3.1415926-2.3-1.40.12 (MiKTeX 2.9) (preloaded format=pdflatex 2012.8.5)  2 SEP 2012 18:06
entering extended mode
**FriendlySigal2012.tex

("C:\Documents and Settings\MichaelF\My Documents\GitHub\VisibleNumbers\Friendl
ySigal2012.tex"
LaTeX2e <2011/06/27>
Babel <v3.8m> and hyphenation patterns for english, afrikaans, ancientgreek, ar
abic, armenian, assamese, basque, bengali, bokmal, bulgarian, catalan, coptic, 
croatian, czech, danish, dutch, esperanto, estonian, farsi, finnish, french, ga
lician, german, german-x-2009-06-19, greek, gujarati, hindi, hungarian, iceland
ic, indonesian, interlingua, irish, italian, kannada, kurmanji, lao, latin, lat
vian, lithuanian, malayalam, marathi, mongolian, mongolianlmc, monogreek, ngerm
an, ngerman-x-2009-06-19, nynorsk, oriya, panjabi, pinyin, polish, portuguese, 
romanian, russian, sanskrit, serbian, slovak, slovenian, spanish, swedish, swis
sgerman, tamil, telugu, turkish, turkmen, ukenglish, ukrainian, uppersorbian, u
senglishmax, welsh, loaded.
("C:\Program Files\MiKTeX 2.9\tex\latex\base\article.cls"
Document Class: article 2007/10/19 v1.4h Standard LaTeX document class
("C:\Program Files\MiKTeX 2.9\tex\latex\base\size11.clo"
File: size11.clo 2007/10/19 v1.4h Standard LaTeX file (size option)
)
\c@part=\count79
\c@section=\count80
\c@subsection=\count81
\c@subsubsection=\count82
\c@paragraph=\count83
\c@subparagraph=\count84
\c@figure=\count85
\c@table=\count86
\abovecaptionskip=\skip41
\belowcaptionskip=\skip42
\bibindent=\dimen102
)
("C:\Program Files\MiKTeX 2.9\tex\latex\geometry\geometry.sty"
Package: geometry 2010/09/12 v5.6 Page Geometry

("C:\Program Files\MiKTeX 2.9\tex\latex\graphics\keyval.sty"
Package: keyval 1999/03/16 v1.13 key=value parser (DPC)
\KV@toks@=\toks14
)
("C:\Program Files\MiKTeX 2.9\tex\generic\oberdiek\ifpdf.sty"
Package: ifpdf 2011/01/30 v2.3 Provides the ifpdf switch (HO)
Package ifpdf Info: pdfTeX in PDF mode is detected.
)
("C:\Program Files\MiKTeX 2.9\tex\generic\oberdiek\ifvtex.sty"
Package: ifvtex 2010/03/01 v1.5 Switches for detecting VTeX and its modes (HO)
Package ifvtex Info: VTeX not detected.
)
("C:\Program Files\MiKTeX 2.9\tex\generic\ifxetex\ifxetex.sty"
Package: ifxetex 2010/09/12 v0.6 Provides ifxetex conditional
)
\Gm@cnth=\count87
\Gm@cntv=\count88
\c@Gm@tempcnt=\count89
\Gm@bindingoffset=\dimen103
\Gm@wd@mp=\dimen104
\Gm@odd@mp=\dimen105
\Gm@even@mp=\dimen106
\Gm@layoutwidth=\dimen107
\Gm@layoutheight=\dimen108
\Gm@layouthoffset=\dimen109
\Gm@layoutvoffset=\dimen110
\Gm@dimlist=\toks15

("C:\Program Files\MiKTeX 2.9\tex\latex\geometry\geometry.cfg"))
("C:\Program Files\MiKTeX 2.9\tex\latex\natbib\natbib.sty"
Package: natbib 2007/10/30 8.1 (PWD)
\bibhang=\skip43
\bibsep=\skip44
LaTeX Info: Redefining \cite on input line 602.
\c@NAT@ctr=\count90
)
("C:\Program Files\MiKTeX 2.9\tex\latex\graphics\color.sty"
Package: color 2005/11/14 v1.0j Standard LaTeX Color (DPC)

("C:\Program Files\MiKTeX 2.9\tex\latex\00miktex\color.cfg"
File: color.cfg 2007/01/18 v1.5 color configuration of teTeX/TeXLive
)
Package color Info: Driver file: pdftex.def on input line 130.

("C:\Program Files\MiKTeX 2.9\tex\latex\pdftex-def\pdftex.def"
File: pdftex.def 2011/05/27 v0.06d Graphics/color for pdfTeX

("C:\Program Files\MiKTeX 2.9\tex\generic\oberdiek\infwarerr.sty"
Package: infwarerr 2010/04/08 v1.3 Providing info/warning/message (HO)
)
("C:\Program Files\MiKTeX 2.9\tex\generic\oberdiek\ltxcmds.sty"
Package: ltxcmds 2011/04/18 v1.20 LaTeX kernel commands for general use (HO)
)
\Gread@gobject=\count91
))
("C:\Program Files\MiKTeX 2.9\tex\latex\mdwtools\mdwlist.sty"
Package: mdwlist 1996/05/02 1.1 Various list-related things
)
("C:\Program Files\MiKTeX 2.9\tex\latex\graphics\graphicx.sty"
Package: graphicx 1999/02/16 v1.0f Enhanced LaTeX Graphics (DPC,SPQR)

("C:\Program Files\MiKTeX 2.9\tex\latex\graphics\graphics.sty"
Package: graphics 2009/02/05 v1.0o Standard LaTeX Graphics (DPC,SPQR)

("C:\Program Files\MiKTeX 2.9\tex\latex\graphics\trig.sty"
Package: trig 1999/03/16 v1.09 sin cos tan (DPC)
)
("C:\Program Files\MiKTeX 2.9\tex\latex\00miktex\graphics.cfg"
File: graphics.cfg 2007/01/18 v1.5 graphics configuration of teTeX/TeXLive
)
Package graphics Info: Driver file: pdftex.def on input line 91.
)
\Gin@req@height=\dimen111
\Gin@req@width=\dimen112
)
("C:\Program Files\MiKTeX 2.9\tex\latex\ltxmisc\url.sty"
\Urlmuskip=\muskip10
Package: url 2006/04/12  ver 3.3  Verb mode for urls, etc.
)
("C:\Program Files\MiKTeX 2.9\tex\latex\comment\comment.sty"
\CommentStream=\write3

Excluding comment 'comment')
("C:\Documents and Settings\MichaelF\My Documents\GitHub\VisibleNumbers\Friendl
ySigal2012.aux")
LaTeX Font Info:    Checking defaults for OML/cmm/m/it on input line 43.
LaTeX Font Info:    ... okay on input line 43.
LaTeX Font Info:    Checking defaults for T1/cmr/m/n on input line 43.
LaTeX Font Info:    ... okay on input line 43.
LaTeX Font Info:    Checking defaults for OT1/cmr/m/n on input line 43.
LaTeX Font Info:    ... okay on input line 43.
LaTeX Font Info:    Checking defaults for OMS/cmsy/m/n on input line 43.
LaTeX Font Info:    ... okay on input line 43.
LaTeX Font Info:    Checking defaults for OMX/cmex/m/n on input line 43.
LaTeX Font Info:    ... okay on input line 43.
LaTeX Font Info:    Checking defaults for U/cmr/m/n on input line 43.
LaTeX Font Info:    ... okay on input line 43.

*geometry* driver: auto-detecting
*geometry* detected driver: pdftex
*geometry* verbose mode - [ preamble ] result:
* driver: pdftex
* paper: <default>
* layout: <same size as paper>
* layoutoffset:(h,v)=(0.0pt,0.0pt)
* modes: 
* h-part:(L,W,R)=(57.81621pt, 498.66258pt, 57.81621pt)
* v-part:(T,H,B)=(57.81621pt, 679.33757pt, 57.81621pt)
* \paperwidth=614.295pt
* \paperheight=794.96999pt
* \textwidth=498.66258pt
* \textheight=679.33757pt
* \oddsidemargin=-14.45378pt
* \evensidemargin=-14.45378pt
* \topmargin=-51.45378pt
* \headheight=12.0pt
* \headsep=25.0pt
* \topskip=11.0pt
* \footskip=30.0pt
* \marginparwidth=59.0pt
* \marginparsep=10.0pt
* \columnsep=10.0pt
* \skip\footins=10.0pt plus 4.0pt minus 2.0pt
* \hoffset=0.0pt
* \voffset=0.0pt
* \mag=1000
* \@twocolumnfalse
* \@twosidefalse
* \@mparswitchfalse
* \@reversemarginfalse
* (1in=72.27pt=25.4mm, 1cm=28.453pt)


("C:\Documents and Settings\MichaelF\Application Data\MiKTeX\2.9\tex\context\ba
se\supp-pdf.mkii"
[Loading MPS to PDF converter (version 2006.09.02).]
\scratchcounter=\count92
\scratchdimen=\dimen113
\scratchbox=\box26
\nofMPsegments=\count93
\nofMParguments=\count94
\everyMPshowfont=\toks16
\MPscratchCnt=\count95
\MPscratchDim=\dimen114
\MPnumerator=\count96
\makeMPintoPDFobject=\count97
\everyMPtoPDFconversion=\toks17
)
LaTeX Font Info:    External font `cmex10' loaded for size
(Font)              <12> on input line 49.
LaTeX Font Info:    External font `cmex10' loaded for size
(Font)              <8> on input line 49.
LaTeX Font Info:    External font `cmex10' loaded for size
(Font)              <6> on input line 49.

("C:\Documents and Settings\MichaelF\My Documents\GitHub\VisibleNumbers\intro.t
ex"
LaTeX Font Info:    External font `cmex10' loaded for size
(Font)              <10.95> on input line 5.
LaTeX Font Info:    External font `cmex10' loaded for size
(Font)              <9> on input line 8.
LaTeX Font Info:    External font `cmex10' loaded for size
(Font)              <5> on input line 8.
 [1

{C:/Documents and Settings/MichaelF/Local Settings/Application Data/MiKTeX/2.9/
pdftex/config/pdftex.map}]
<fig/langren-google-overlay2.pdf, id=14, 306.54524pt x 76.60649pt>
File: fig/langren-google-overlay2.pdf Graphic file (type pdf)

<use fig/langren-google-overlay2.pdf>
Package pdftex.def Info: fig/langren-google-overlay2.pdf used on input line 45.

(pdftex.def)             Requested size: 498.66258pt x 124.62198pt.
 [2 <C:/Documents and Settings/MichaelF/My Documents/GitHub/VisibleNumbers/fig/
langren-google-overlay2.pdf>]
<fig/mileyears4.png, id=27, 470.75874pt x 326.21875pt>
File: fig/mileyears4.png Graphic file (type png)

<use fig/mileyears4.png>
Package pdftex.def Info: fig/mileyears4.png used on input line 74.
(pdftex.def)             Requested size: 448.79327pt x 311.00113pt.
)
("C:\Documents and Settings\MichaelF\My Documents\GitHub\VisibleNumbers\project
.tex" [3] [4 <C:/Documents and Settings/MichaelF/My Documents/GitHub/VisibleNum
bers/fig/mileyears4.png>]
<fig/datavis-schema-3.pdf, id=39, 780.9175pt x 408.52625pt>
File: fig/datavis-schema-3.pdf Graphic file (type pdf)

<use fig/datavis-schema-3.pdf>
Package pdftex.def Info: fig/datavis-schema-3.pdf used on input line 28.
(pdftex.def)             Requested size: 498.66258pt x 260.86995pt.
 [5 <C:/Documents and Settings/MichaelF/My Documents/GitHub/VisibleNumbers/fig/
datavis-schema-3.pdf>]
<fig/datavis-timeline2.png, id=111, 823.57687pt x 367.3725pt>
File: fig/datavis-timeline2.png Graphic file (type png)

<use fig/datavis-timeline2.png>
Package pdftex.def Info: fig/datavis-timeline2.png used on input line 44.
(pdftex.def)             Requested size: 498.66258pt x 222.4376pt.
)
("C:\Documents and Settings\MichaelF\My Documents\GitHub\VisibleNumbers\vistime
.tex" [6 <C:/Documents and Settings/MichaelF/My Documents/GitHub/VisibleNumbers
/fig/datavis-timeline2.png (PNG copy)>]
<fig/timespan.pdf, id=117, 768.203pt x 711.99399pt>
File: fig/timespan.pdf Graphic file (type pdf)
 <use fig/timespan.pdf>
Package pdftex.def Info: fig/timespan.pdf used on input line 24.
(pdftex.def)             Requested size: 473.72792pt x 439.06332pt.

[7]

pdfTeX warning: pdflatex.exe (file C:/Documents and Settings/MichaelF/My Docume
nts/GitHub/VisibleNumbers/fig/Adams1881-5.pdf): PDF inclusion: found PDF versio
n <1.7>, but at most version <1.5> allowed
<fig/Adams1881-5.pdf, id=124, 3264.195pt x 1678.27pt>
File: fig/Adams1881-5.pdf Graphic file (type pdf)

<use fig/Adams1881-5.pdf>
Package pdftex.def Info: fig/Adams1881-5.pdf used on input line 41.
(pdftex.def)             Requested size: 498.66258pt x 256.36475pt.
 [8 <C:/Documents and Settings/MichaelF/My Documents/GitHub/VisibleNumbers/fig/
timespan.pdf>]
<fig/milecatline.pdf, id=164, 568.1225pt x 285.065pt>
File: fig/milecatline.pdf Graphic file (type pdf)

<use fig/milecatline.pdf>
Package pdftex.def Info: fig/milecatline.pdf used on input line 55.
(pdftex.def)             Requested size: 498.66258pt x 250.2229pt.
) [9 <C:/Documents and Settings/MichaelF/My Documents/GitHub/VisibleNumbers/fig
/Adams1881-5.pdf>] [10 <C:/Documents and Settings/MichaelF/My Documents/GitHub/
VisibleNumbers/fig/milecatline.pdf>]
<fig/lifespan3.pdf, id=185, 668.83176pt x 255.28674pt>
File: fig/lifespan3.pdf Graphic file (type pdf)
 <use fig/lifespan3.pdf>
Package pdftex.def Info: fig/lifespan3.pdf used on input line 127.
(pdftex.def)             Requested size: 498.66258pt x 190.3388pt.

[11] <fig/authormap.png, id=190, 751.30687pt x 377.91188pt>
File: fig/authormap.png Graphic file (type png)

<use fig/authormap.png>
Package pdftex.def Info: fig/authormap.png used on input line 145.
(pdftex.def)             Requested size: 498.66258pt x 250.83539pt.
 [12 <C:/Documents and Settings/MichaelF/My Documents/GitHub/VisibleNumbers/fig
/lifespan3.pdf>]
<fig/milecats4.pdf, id=217, 384.43625pt x 183.68625pt>
File: fig/milecats4.pdf Graphic file (type pdf)
 <use fig/milecats4.pdf>
Package pdftex.def Info: fig/milecats4.pdf used on input line 162.
(pdftex.def)             Requested size: 498.66258pt x 238.28195pt.

[13 <C:/Documents and Settings/MichaelF/My Documents/GitHub/VisibleNumbers/fig/
authormap.png (PNG copy)>]
("C:\Documents and Settings\MichaelF\My Documents\GitHub\VisibleNumbers\Friendl
ySigal2012.bbl" [14 <C:/Documents and Settings/MichaelF/My Documents/GitHub/Vis
ibleNumbers/fig/milecats4.pdf>] [15] [16]) [17]
("C:\Documents and Settings\MichaelF\My Documents\GitHub\VisibleNumbers\Friendl
ySigal2012.aux") ) 
Here is how much of TeX's memory you used:
 2244 strings out of 494045
 31575 string characters out of 3148325
 93573 words of memory out of 3000000
 5511 multiletter control sequences out of 15000+200000
 11541 words of font info for 40 fonts, out of 3000000 for 9000
 715 hyphenation exceptions out of 8191
 26i,8n,32p,1054b,286s stack positions out of 5000i,500n,10000p,200000b,50000s
<C:/Program Files/MiKTeX 2.9/fonts/type1/public/amsfonts/cm/c
mbx10.pfb><C:/Program Files/MiKTeX 2.9/fonts/type1/public/amsfonts/cm/cmbx12.pf
b><C:/Program Files/MiKTeX 2.9/fonts/type1/public/amsfonts/cm/cmex10.pfb><C:/Pr
ogram Files/MiKTeX 2.9/fonts/type1/public/amsfonts/cm/cmmi10.pfb><C:/Program Fi
les/MiKTeX 2.9/fonts/type1/public/amsfonts/cm/cmmi8.pfb><C:/Program Files/MiKTe
X 2.9/fonts/type1/public/amsfonts/cm/cmr10.pfb><C:/Program Files/MiKTeX 2.9/fon
ts/type1/public/amsfonts/cm/cmr12.pfb><C:/Program Files/MiKTeX 2.9/fonts/type1/
public/amsfonts/cm/cmr17.pfb><C:/Program Files/MiKTeX 2.9/fonts/type1/public/am
sfonts/cm/cmr6.pfb><C:/Program Files/MiKTeX 2.9/fonts/type1/public/amsfonts/cm/
cmr8.pfb><C:/Program Files/MiKTeX 2.9/fonts/type1/public/amsfonts/cm/cmr9.pfb><
C:/Program Files/MiKTeX 2.9/fonts/type1/public/amsfonts/cm/cmss10.pfb><C:/Progr
am Files/MiKTeX 2.9/fonts/type1/public/amsfonts/cm/cmsy10.pfb><C:/Program Files
/MiKTeX 2.9/fonts/type1/public/amsfonts/cm/cmsy8.pfb><C:/Program Files/MiKTeX 2
.9/fonts/type1/public/amsfonts/cm/cmti10.pfb><C:/Program Files/MiKTeX 2.9/fonts
/type1/public/amsfonts/cm/cmti9.pfb><C:/Program Files/MiKTeX 2.9/fonts/type1/pu
blic/amsfonts/cm/cmtt10.pfb>
Output written on FriendlySigal2012.pdf (17 pages, 2904261 bytes).
PDF statistics:
 310 PDF objects out of 1000 (max. 8388607)
 0 named destinations out of 1000 (max. 500000)
 105 words of extra memory for PDF output out of 10000 (max. 10000000)

