This is pdfTeX, Version 3.1415926-2.4-1.40.13 (TeX Live 2012) (format=pdflatex 2012.11.27)  2 DEC 2012 22:28
entering extended mode
 restricted \write18 enabled.
 %&-line parsing enabled.
**FriendlySigal2012.tex
(./FriendlySigal2012.tex
LaTeX2e <2011/06/27>
Babel <v3.8m> and hyphenation patterns for english, dumylang, nohyphenation, ge
rman-x-2012-05-30, ngerman-x-2012-05-30, afrikaans, ancientgreek, ibycus, arabi
c, armenian, basque, bulgarian, catalan, pinyin, coptic, croatian, czech, danis
h, dutch, ukenglish, usenglishmax, esperanto, estonian, ethiopic, farsi, finnis
h, french, friulan, galician, german, ngerman, swissgerman, monogreek, greek, h
ungarian, icelandic, assamese, bengali, gujarati, hindi, kannada, malayalam, ma
rathi, oriya, panjabi, tamil, telugu, indonesian, interlingua, irish, italian, 
kurmanji, latin, latvian, lithuanian, mongolian, mongolianlmc, bokmal, nynorsk,
 polish, portuguese, romanian, romansh, russian, sanskrit, serbian, serbianc, s
lovak, slovenian, spanish, swedish, turkish, turkmen, ukrainian, uppersorbian, 
welsh, loaded.
(/usr/local/texlive/2012/texmf-dist/tex/latex/base/article.cls
Document Class: article 2007/10/19 v1.4h Standard LaTeX document class
(/usr/local/texlive/2012/texmf-dist/tex/latex/base/size11.clo
File: size11.clo 2007/10/19 v1.4h Standard LaTeX file (size option)
)
\c@part=\count79
\c@section=\count80
\c@subsection=\count81
\c@subsubsection=\count82
\c@paragraph=\count83
\c@subparagraph=\count84
\c@figure=\count85
\c@table=\count86
\abovecaptionskip=\skip41
\belowcaptionskip=\skip42
\bibindent=\dimen102
)
(/usr/local/texlive/2012/texmf-dist/tex/latex/geometry/geometry.sty
Package: geometry 2010/09/12 v5.6 Page Geometry

(/usr/local/texlive/2012/texmf-dist/tex/latex/graphics/keyval.sty
Package: keyval 1999/03/16 v1.13 key=value parser (DPC)
\KV@toks@=\toks14
)
(/usr/local/texlive/2012/texmf-dist/tex/generic/oberdiek/ifpdf.sty
Package: ifpdf 2011/01/30 v2.3 Provides the ifpdf switch (HO)
Package ifpdf Info: pdfTeX in PDF mode is detected.
)
(/usr/local/texlive/2012/texmf-dist/tex/generic/oberdiek/ifvtex.sty
Package: ifvtex 2010/03/01 v1.5 Detect VTeX and its facilities (HO)
Package ifvtex Info: VTeX not detected.
)
(/usr/local/texlive/2012/texmf-dist/tex/generic/ifxetex/ifxetex.sty
Package: ifxetex 2010/09/12 v0.6 Provides ifxetex conditional
)
\Gm@cnth=\count87
\Gm@cntv=\count88
\c@Gm@tempcnt=\count89
\Gm@bindingoffset=\dimen103
\Gm@wd@mp=\dimen104
\Gm@odd@mp=\dimen105
\Gm@even@mp=\dimen106
\Gm@layoutwidth=\dimen107
\Gm@layoutheight=\dimen108
\Gm@layouthoffset=\dimen109
\Gm@layoutvoffset=\dimen110
\Gm@dimlist=\toks15
)
(/usr/local/texlive/2012/texmf-dist/tex/latex/natbib/natbib.sty
Package: natbib 2010/09/13 8.31b (PWD, AO)
\bibhang=\skip43
\bibsep=\skip44
LaTeX Info: Redefining \cite on input line 694.
\c@NAT@ctr=\count90
)
(/usr/local/texlive/2012/texmf-dist/tex/latex/graphics/color.sty
Package: color 2005/11/14 v1.0j Standard LaTeX Color (DPC)

(/usr/local/texlive/2012/texmf-dist/tex/latex/latexconfig/color.cfg
File: color.cfg 2007/01/18 v1.5 color configuration of teTeX/TeXLive
)
Package color Info: Driver file: pdftex.def on input line 130.

(/usr/local/texlive/2012/texmf-dist/tex/latex/pdftex-def/pdftex.def
File: pdftex.def 2011/05/27 v0.06d Graphics/color for pdfTeX

(/usr/local/texlive/2012/texmf-dist/tex/generic/oberdiek/infwarerr.sty
Package: infwarerr 2010/04/08 v1.3 Providing info/warning/error messages (HO)
)
(/usr/local/texlive/2012/texmf-dist/tex/generic/oberdiek/ltxcmds.sty
Package: ltxcmds 2011/11/09 v1.22 LaTeX kernel commands for general use (HO)
)
\Gread@gobject=\count91
))
(/usr/local/texlive/2012/texmf-dist/tex/latex/mdwtools/mdwlist.sty
Package: mdwlist 1996/05/02 1.1 Various list-related things
)
(/usr/local/texlive/2012/texmf-dist/tex/latex/graphics/graphicx.sty
Package: graphicx 1999/02/16 v1.0f Enhanced LaTeX Graphics (DPC,SPQR)

(/usr/local/texlive/2012/texmf-dist/tex/latex/graphics/graphics.sty
Package: graphics 2009/02/05 v1.0o Standard LaTeX Graphics (DPC,SPQR)

(/usr/local/texlive/2012/texmf-dist/tex/latex/graphics/trig.sty
Package: trig 1999/03/16 v1.09 sin cos tan (DPC)
)
(/usr/local/texlive/2012/texmf-dist/tex/latex/latexconfig/graphics.cfg
File: graphics.cfg 2010/04/23 v1.9 graphics configuration of TeX Live
)
Package graphics Info: Driver file: pdftex.def on input line 91.
)
\Gin@req@height=\dimen111
\Gin@req@width=\dimen112
)
(/usr/local/texlive/2012/texmf-dist/tex/latex/url/url.sty
\Urlmuskip=\muskip10
Package: url 2006/04/12  ver 3.3  Verb mode for urls, etc.
)
(/usr/local/texlive/2012/texmf-dist/tex/latex/comment/comment.sty
\CommentStream=\write3

Excluding comment 'comment') (./FriendlySigal2012.aux)
\openout1 = `FriendlySigal2012.aux'.

LaTeX Font Info:    Checking defaults for OML/cmm/m/it on input line 46.
LaTeX Font Info:    ... okay on input line 46.
LaTeX Font Info:    Checking defaults for T1/cmr/m/n on input line 46.
LaTeX Font Info:    ... okay on input line 46.
LaTeX Font Info:    Checking defaults for OT1/cmr/m/n on input line 46.
LaTeX Font Info:    ... okay on input line 46.
LaTeX Font Info:    Checking defaults for OMS/cmsy/m/n on input line 46.
LaTeX Font Info:    ... okay on input line 46.
LaTeX Font Info:    Checking defaults for OMX/cmex/m/n on input line 46.
LaTeX Font Info:    ... okay on input line 46.
LaTeX Font Info:    Checking defaults for U/cmr/m/n on input line 46.
LaTeX Font Info:    ... okay on input line 46.

*geometry* driver: auto-detecting
*geometry* detected driver: pdftex
*geometry* verbose mode - [ preamble ] result:
* driver: pdftex
* paper: <default>
* layout: <same size as paper>
* layoutoffset:(h,v)=(0.0pt,0.0pt)
* modes: 
* h-part:(L,W,R)=(61.42993pt, 491.43513pt, 61.42993pt)
* v-part:(T,H,B)=(61.42993pt, 672.11012pt, 61.42993pt)
* \paperwidth=614.295pt
* \paperheight=794.96999pt
* \textwidth=491.43513pt
* \textheight=672.11012pt
* \oddsidemargin=-10.84006pt
* \evensidemargin=-10.84006pt
* \topmargin=-47.84006pt
* \headheight=12.0pt
* \headsep=25.0pt
* \topskip=11.0pt
* \footskip=30.0pt
* \marginparwidth=59.0pt
* \marginparsep=10.0pt
* \columnsep=10.0pt
* \skip\footins=10.0pt plus 4.0pt minus 2.0pt
* \hoffset=0.0pt
* \voffset=0.0pt
* \mag=1000
* \@twocolumnfalse
* \@twosidefalse
* \@mparswitchfalse
* \@reversemarginfalse
* (1in=72.27pt=25.4mm, 1cm=28.453pt)

(/usr/local/texlive/2012/texmf-dist/tex/context/base/supp-pdf.mkii
[Loading MPS to PDF converter (version 2006.09.02).]
\scratchcounter=\count92
\scratchdimen=\dimen113
\scratchbox=\box26
\nofMPsegments=\count93
\nofMParguments=\count94
\everyMPshowfont=\toks16
\MPscratchCnt=\count95
\MPscratchDim=\dimen114
\MPnumerator=\count96
\makeMPintoPDFobject=\count97
\everyMPtoPDFconversion=\toks17
) (/usr/local/texlive/2012/texmf-dist/tex/generic/oberdiek/pdftexcmds.sty
Package: pdftexcmds 2011/11/29 v0.20 Utility functions of pdfTeX for LuaTeX (HO
)

(/usr/local/texlive/2012/texmf-dist/tex/generic/oberdiek/ifluatex.sty
Package: ifluatex 2010/03/01 v1.3 Provides the ifluatex switch (HO)
Package ifluatex Info: LuaTeX not detected.
)
Package pdftexcmds Info: LuaTeX not detected.
Package pdftexcmds Info: \pdf@primitive is available.
Package pdftexcmds Info: \pdf@ifprimitive is available.
Package pdftexcmds Info: \pdfdraftmode found.
)
(/usr/local/texlive/2012/texmf-dist/tex/latex/oberdiek/epstopdf-base.sty
Package: epstopdf-base 2010/02/09 v2.5 Base part for package epstopdf

(/usr/local/texlive/2012/texmf-dist/tex/latex/oberdiek/grfext.sty
Package: grfext 2010/08/19 v1.1 Manage graphics extensions (HO)

(/usr/local/texlive/2012/texmf-dist/tex/generic/oberdiek/kvdefinekeys.sty
Package: kvdefinekeys 2011/04/07 v1.3 Define keys (HO)
))
(/usr/local/texlive/2012/texmf-dist/tex/latex/oberdiek/kvoptions.sty
Package: kvoptions 2011/06/30 v3.11 Key value format for package options (HO)

(/usr/local/texlive/2012/texmf-dist/tex/generic/oberdiek/kvsetkeys.sty
Package: kvsetkeys 2012/04/25 v1.16 Key value parser (HO)

(/usr/local/texlive/2012/texmf-dist/tex/generic/oberdiek/etexcmds.sty
Package: etexcmds 2011/02/16 v1.5 Avoid name clashes with e-TeX commands (HO)
Package etexcmds Info: Could not find \expanded.
(etexcmds)             That can mean that you are not using pdfTeX 1.50 or
(etexcmds)             that some package has redefined \expanded.
(etexcmds)             In the latter case, load this package earlier.
)))
Package grfext Info: Graphics extension search list:
(grfext)             [.png,.pdf,.jpg,.mps,.jpeg,.jbig2,.jb2,.PNG,.PDF,.JPG,.JPE
G,.JBIG2,.JB2,.eps]
(grfext)             \AppendGraphicsExtensions on input line 452.

(/usr/local/texlive/2012/texmf-dist/tex/latex/latexconfig/epstopdf-sys.cfg
File: epstopdf-sys.cfg 2010/07/13 v1.3 Configuration of (r)epstopdf for TeX Liv
e
))
LaTeX Font Info:    External font `cmex10' loaded for size
(Font)              <12> on input line 65.
LaTeX Font Info:    External font `cmex10' loaded for size
(Font)              <8> on input line 65.
LaTeX Font Info:    External font `cmex10' loaded for size
(Font)              <6> on input line 65.
LaTeX Font Info:    External font `cmex10' loaded for size
(Font)              <5> on input line 65.
LaTeX Font Info:    External font `cmex10' loaded for size
(Font)              <9> on input line 65.

(./intro.tex
LaTeX Font Info:    External font `cmex10' loaded for size
(Font)              <10.95> on input line 12.
 [1

{/usr/local/texlive/2012/texmf-var/fonts/map/pdftex/updmap/pdftex.map}] <fig/la
ngren-google-overlay2.pdf, id=17, 306.54524pt x 76.60649pt>
File: fig/langren-google-overlay2.pdf Graphic file (type pdf)

<use fig/langren-google-overlay2.pdf>
Package pdftex.def Info: fig/langren-google-overlay2.pdf used on input line 94.

(pdftex.def)             Requested size: 491.43513pt x 122.816pt.
 [2]
<fig/mileyears4.png, id=24, 470.75874pt x 326.21875pt>
File: fig/mileyears4.png Graphic file (type png)

<use fig/mileyears4.png>
Package pdftex.def Info: fig/mileyears4.png used on input line 161.
(pdftex.def)             Requested size: 442.28862pt x 306.49135pt.
) (./project.tex [3 <./fig/langren-google-overlay2.pdf>] [4 <./fig/mileyears4.p
ng>]
<fig/datavis-schema-3.pdf, id=41, 630.355pt x 374.39874pt>
File: fig/datavis-schema-3.pdf Graphic file (type pdf)

<use fig/datavis-schema-3.pdf>
Package pdftex.def Info: fig/datavis-schema-3.pdf used on input line 74.
(pdftex.def)             Requested size: 491.43513pt x 291.88702pt.
 [5 <./fig/datavis-schema-3.pdf>]
<fig/datavis-timeline2.png, id=127, 823.57687pt x 367.3725pt>
File: fig/datavis-timeline2.png Graphic file (type png)

<use fig/datavis-timeline2.png>
Package pdftex.def Info: fig/datavis-timeline2.png used on input line 114.
(pdftex.def)             Requested size: 491.43513pt x 219.21437pt.
) (./vistime.tex
Overfull \hbox (4.3333pt too wide) in paragraph at lines 120--1
[]\OT1/cmr/m/n/10.95 This time-line, based on the SIM-ILE Time-line Wid-get ($\
OT1/cmtt/m/n/10.95 http : / / www . simile-[]widgets . org / timeline$\OT1/cmr/
m/n/10.95 )
 []

[6 <./fig/datavis-timeline2.png (PNG copy)>]
<fig/timespan.pdf, id=133, 768.203pt x 711.99399pt>
File: fig/timespan.pdf Graphic file (type pdf)
 <use fig/timespan.pdf>
Package pdftex.def Info: fig/timespan.pdf used on input line 26.
(pdftex.def)             Requested size: 466.86188pt x 432.70781pt.

[7] <fig/Adams1881-5.pdf, id=140, 3264.195pt x 1678.27pt>
File: fig/Adams1881-5.pdf Graphic file (type pdf)

<use fig/Adams1881-5.pdf>
Package pdftex.def Info: fig/Adams1881-5.pdf used on input line 44.
(pdftex.def)             Requested size: 491.43513pt x 252.65154pt.
 [8 <./fig/timespan.pdf>]
<fig/milecatline.pdf, id=180, 568.1225pt x 285.065pt>
File: fig/milecatline.pdf Graphic file (type pdf)

<use fig/milecatline.pdf>
Package pdftex.def Info: fig/milecatline.pdf used on input line 62.
(pdftex.def)             Requested size: 491.43513pt x 246.59523pt.
) (./historiography.tex [9 <./fig/Adams1881-5.pdf>]
[10 <./fig/milecatline.pdf>] (./playfair.tex
<fig/Playfair1821b.jpg, id=199, 361.50151pt x 201.96208pt>
File: fig/Playfair1821b.jpg Graphic file (type jpg)

<use fig/Playfair1821b.jpg>
Package pdftex.def Info: fig/Playfair1821b.jpg used on input line 13.
(pdftex.def)             Requested size: 491.43513pt x 274.55075pt.
 <fig/wheat1.pdf, id=200, 537.00626pt x 335.2525pt>
File: fig/wheat1.pdf Graphic file (type pdf)

<use fig/wheat1.pdf>
Package pdftex.def Info: fig/wheat1.pdf used on input line 29.
(pdftex.def)             Requested size: 442.28862pt x 276.1212pt.
) [11 <./fig/Playfair1821b.jpg>] [12 <./fig/wheat1.pdf>]
<fig/lifespan3.pdf, id=215, 668.83176pt x 255.28674pt>
File: fig/lifespan3.pdf Graphic file (type pdf)
 <use fig/lifespan3.pdf>
Package pdftex.def Info: fig/lifespan3.pdf used on input line 41.
(pdftex.def)             Requested size: 491.43513pt x 187.5809pt.

[13 <./fig/lifespan3.pdf>]
<fig/authormap.png, id=246, 751.30687pt x 377.91188pt>
File: fig/authormap.png Graphic file (type png)
 <use fig/authormap.png>
Package pdftex.def Info: fig/authormap.png used on input line 59.
(pdftex.def)             Requested size: 491.43513pt x 247.20251pt.

[14 <./fig/authormap.png (PNG copy)>]
<fig/milecats4.pdf, id=252, 384.43625pt x 183.68625pt>
File: fig/milecats4.pdf Graphic file (type pdf)
 <use fig/milecats4.pdf>
Package pdftex.def Info: fig/milecats4.pdf used on input line 76.
(pdftex.def)             Requested size: 491.43513pt x 234.82607pt.
) [15 <./fig/milecats4.pdf>] (./FriendlySigal2012.bbl [16] [17] [18]) [19]
(./FriendlySigal2012.aux) ) 
Here is how much of TeX's memory you used:
 2796 strings out of 493488
 41123 string characters out of 3141325
 104277 words of memory out of 3000000
 6042 multiletter control sequences out of 15000+200000
 11708 words of font info for 41 fonts, out of 3000000 for 9000
 957 hyphenation exceptions out of 8191
 38i,11n,32p,1084b,294s stack positions out of 5000i,500n,10000p,200000b,50000s
</usr/local/texlive/2012/texmf-dist/fonts/type1/publ
ic/amsfonts/cm/cmbx10.pfb></usr/local/texlive/2012/texmf-dist/fonts/type1/publi
c/amsfonts/cm/cmbx12.pfb></usr/local/texlive/2012/texmf-dist/fonts/type1/public
/amsfonts/cm/cmex10.pfb></usr/local/texlive/2012/texmf-dist/fonts/type1/public/
amsfonts/cm/cmmi10.pfb></usr/local/texlive/2012/texmf-dist/fonts/type1/public/a
msfonts/cm/cmmi8.pfb></usr/local/texlive/2012/texmf-dist/fonts/type1/public/ams
fonts/cm/cmr10.pfb></usr/local/texlive/2012/texmf-dist/fonts/type1/public/amsfo
nts/cm/cmr12.pfb></usr/local/texlive/2012/texmf-dist/fonts/type1/public/amsfont
s/cm/cmr17.pfb></usr/local/texlive/2012/texmf-dist/fonts/type1/public/amsfonts/
cm/cmr6.pfb></usr/local/texlive/2012/texmf-dist/fonts/type1/public/amsfonts/cm/
cmr8.pfb></usr/local/texlive/2012/texmf-dist/fonts/type1/public/amsfonts/cm/cmr
9.pfb></usr/local/texlive/2012/texmf-dist/fonts/type1/public/amsfonts/cm/cmss10
.pfb></usr/local/texlive/2012/texmf-dist/fonts/type1/public/amsfonts/cm/cmsy10.
pfb></usr/local/texlive/2012/texmf-dist/fonts/type1/public/amsfonts/cm/cmsy6.pf
b></usr/local/texlive/2012/texmf-dist/fonts/type1/public/amsfonts/cm/cmsy8.pfb>
</usr/local/texlive/2012/texmf-dist/fonts/type1/public/amsfonts/cm/cmti10.pfb><
/usr/local/texlive/2012/texmf-dist/fonts/type1/public/amsfonts/cm/cmti9.pfb></u
sr/local/texlive/2012/texmf-dist/fonts/type1/public/amsfonts/cm/cmtt10.pfb></us
r/local/texlive/2012/texmf-dist/fonts/type1/public/amsfonts/cm/cmtt9.pfb></usr/
local/texlive/2012/texmf-dist/fonts/type1/public/tex-gyre/qplb.pfb></usr/local/
texlive/2012/texmf-dist/fonts/type1/public/tex-gyre/qplr.pfb>
Output written on FriendlySigal2012.pdf (19 pages, 5863265 bytes).
PDF statistics:
 353 PDF objects out of 1000 (max. 8388607)
 209 compressed objects within 3 object streams
 0 named destinations out of 1000 (max. 500000)
 121 words of extra memory for PDF output out of 10000 (max. 10000000)

